2025-05-31 19:32:28 | INFO     | iot_app.app.core.db_client:connect:34 - [DB] Connecting to MySQL at localhost:3307...
2025-05-31 19:32:28 | SUCCESS  | iot_app.app.core.db_client:connect:44 - [DB] Connected to MySQL database ✔
2025-05-31 19:32:28 | INFO     | iot_app.app.core.mqtt_client:start:56 - [MQTT] Attempting to connect to localhost:1883...
2025-05-31 19:32:28 | SUCCESS  | iot_app.app.core.mqtt_client:_on_connect:36 - [MQTT] Connected to broker at localhost:1883
2025-05-31 19:32:28 | INFO     | iot_app.app.core.mqtt_client:_on_connect:39 - [MQTT] Subscribed to topic: group42/#
2025-05-31 19:32:28 | INFO     | __main__:_init_connections:109 - 🚀 System initialized and GUI loaded.
2025-05-31 19:36:16 | INFO     | iot_app.app.core.db_client:connect:34 - [DB] Connecting to MySQL at localhost:3307...
2025-05-31 19:36:16 | SUCCESS  | iot_app.app.core.db_client:connect:44 - [DB] Connected to MySQL database ✔
2025-05-31 19:36:16 | INFO     | iot_app.app.core.mqtt_client:start:56 - [MQTT] Attempting to connect to localhost:1883...
2025-05-31 19:36:16 | SUCCESS  | iot_app.app.core.mqtt_client:_on_connect:36 - [MQTT] Connected to broker at localhost:1883
2025-05-31 19:36:16 | INFO     | iot_app.app.core.mqtt_client:_on_connect:39 - [MQTT] Subscribed to topic: group42/#
2025-05-31 19:36:16 | INFO     | __main__:_init_connections:109 - 🚀 System initialized and GUI loaded.
2025-05-31 19:37:54 | INFO     | iot_app.app.core.db_client:connect:34 - [DB] Connecting to MySQL at localhost:3307...
2025-05-31 19:37:54 | SUCCESS  | iot_app.app.core.db_client:connect:44 - [DB] Connected to MySQL database ✔
2025-05-31 19:37:54 | INFO     | iot_app.app.core.mqtt_client:start:56 - [MQTT] Attempting to connect to localhost:1883...
2025-05-31 19:37:54 | SUCCESS  | iot_app.app.core.mqtt_client:_on_connect:36 - [MQTT] Connected to broker at localhost:1883
2025-05-31 19:37:54 | INFO     | iot_app.app.core.mqtt_client:_on_connect:39 - [MQTT] Subscribed to topic: group42/#
2025-05-31 19:37:54 | INFO     | __main__:_init_connections:109 - 🚀 System initialized and GUI loaded.
2025-05-31 19:37:57 | SUCCESS  | iot_app.app.core.db_client:test_connection:112 - [DB] Ping successful ✔
2025-05-31 19:38:00 | SUCCESS  | iot_app.app.core.db_client:test_connection:112 - [DB] Ping successful ✔
2025-05-31 19:38:03 | SUCCESS  | iot_app.app.core.db_client:test_connection:112 - [DB] Ping successful ✔
2025-05-31 19:38:06 | SUCCESS  | iot_app.app.core.db_client:test_connection:112 - [DB] Ping successful ✔
2025-05-31 19:38:09 | SUCCESS  | iot_app.app.core.db_client:test_connection:112 - [DB] Ping successful ✔
2025-05-31 19:38:12 | INFO     | iot_app.app.ui.settings_tab:_handle_reconnect:94 - [SETTINGS] Reconnecting to MQTT broker...
2025-05-31 19:38:12 | SUCCESS  | iot_app.app.core.db_client:test_connection:112 - [DB] Ping successful ✔
2025-05-31 19:38:15 | SUCCESS  | iot_app.app.core.db_client:test_connection:112 - [DB] Ping successful ✔
2025-05-31 19:38:18 | SUCCESS  | iot_app.app.core.db_client:test_connection:112 - [DB] Ping successful ✔
2025-05-31 19:38:21 | SUCCESS  | iot_app.app.core.db_client:test_connection:112 - [DB] Ping successful ✔
2025-05-31 19:38:24 | SUCCESS  | iot_app.app.core.db_client:test_connection:112 - [DB] Ping successful ✔
2025-05-31 19:44:40 | INFO     | iot_app.app.core.db_client:connect:34 - [DB] Connecting to MySQL at localhost:3307...
2025-05-31 19:44:40 | SUCCESS  | iot_app.app.core.db_client:connect:44 - [DB] Connected to MySQL database ✔
2025-05-31 19:44:40 | INFO     | iot_app.app.core.mqtt_client:start:56 - [MQTT] Attempting to connect to localhost:1883...
2025-05-31 19:44:40 | SUCCESS  | iot_app.app.core.mqtt_client:_on_connect:36 - [MQTT] Connected to broker at localhost:1883
2025-05-31 19:44:40 | INFO     | iot_app.app.core.mqtt_client:_on_connect:39 - [MQTT] Subscribed to topic: Home/#
2025-05-31 19:44:40 | INFO     | __main__:_init_connections:109 - 🚀 System initialized and GUI loaded.
2025-05-31 19:50:35 | INFO     | iot_app.app.core.db_client:connect:34 - [DB] Connecting to MySQL at localhost:3307...
2025-05-31 19:50:35 | SUCCESS  | iot_app.app.core.db_client:connect:44 - [DB] Connected to MySQL database ✔
2025-05-31 19:50:35 | SUCCESS  | iot_app.app.core.db_client:test_connection:125 - [DB] Ping successful ✔
2025-05-31 19:50:35 | INFO     | iot_app.app.core.mqtt_client:start:56 - [MQTT] Attempting to connect to localhost:1883...
2025-05-31 19:50:35 | SUCCESS  | iot_app.app.core.mqtt_client:_on_connect:36 - [MQTT] Connected to broker at localhost:1883
2025-05-31 19:50:35 | INFO     | iot_app.app.core.mqtt_client:_on_connect:39 - [MQTT] Subscribed to topic: group42/#
2025-05-31 19:50:36 | SUCCESS  | iot_app.app.core.db_client:test_connection:125 - [DB] Ping successful ✔
2025-05-31 19:50:36 | INFO     | __main__:_finalize_tabs:121 - 🚀 System initialized and GUI loaded.
2025-05-31 19:50:46 | SUCCESS  | iot_app.app.core.db_client:test_connection:125 - [DB] Ping successful ✔
2025-05-31 19:50:56 | SUCCESS  | iot_app.app.core.db_client:test_connection:125 - [DB] Ping successful ✔
2025-05-31 19:53:22 | INFO     | iot_app.app.core.db_client:connect:34 - [DB] Connecting to MySQL at localhost:3307...
2025-05-31 19:53:22 | SUCCESS  | iot_app.app.core.db_client:connect:44 - [DB] Connected to MySQL database ✔
2025-05-31 19:53:22 | SUCCESS  | iot_app.app.core.db_client:test_connection:125 - [DB] Ping successful ✔
2025-05-31 19:53:22 | INFO     | iot_app.app.core.mqtt_client:start:56 - [MQTT] Attempting to connect to localhost:1883...
2025-05-31 19:53:22 | SUCCESS  | iot_app.app.core.mqtt_client:_on_connect:36 - [MQTT] Connected to broker at localhost:1883
2025-05-31 19:53:22 | INFO     | iot_app.app.core.mqtt_client:_on_connect:39 - [MQTT] Subscribed to topic: group42/#
2025-05-31 19:53:23 | SUCCESS  | iot_app.app.core.db_client:test_connection:125 - [DB] Ping successful ✔
2025-05-31 19:53:23 | INFO     | __main__:_finalize_tabs:121 - 🚀 System initialized and GUI loaded.
2025-05-31 19:53:25 | SUCCESS  | iot_app.app.core.db_client:test_connection:125 - [DB] Ping successful ✔
2025-05-31 19:53:36 | INFO     | iot_app.app.ui.emulators_tab:_on_start_clicked:128 - [EMULATOR] 'DHT Sensor' started
2025-05-31 19:53:36 | INFO     | iot_app.app.core.mqtt_client:publish:85 - [MQTT] Published to 'group42/dht': start
2025-05-31 19:53:50 | INFO     | iot_app.app.ui.emulators_tab:_on_stop_clicked:134 - [EMULATOR] 'DHT Sensor' stopped
2025-05-31 19:53:50 | INFO     | iot_app.app.core.mqtt_client:publish:85 - [MQTT] Published to 'group42/dht': stop
2025-05-31 19:53:52 | INFO     | iot_app.app.ui.emulators_tab:_on_start_clicked:128 - [EMULATOR] 'Light Sensor' started
2025-05-31 19:53:52 | INFO     | iot_app.app.core.mqtt_client:publish:85 - [MQTT] Published to 'group42/light': start
2025-05-31 19:53:53 | INFO     | iot_app.app.ui.emulators_tab:_on_stop_clicked:134 - [EMULATOR] 'Light Sensor' stopped
2025-05-31 19:53:53 | INFO     | iot_app.app.core.mqtt_client:publish:85 - [MQTT] Published to 'group42/light': stop
2025-05-31 19:53:54 | INFO     | iot_app.app.ui.emulators_tab:_on_start_clicked:128 - [EMULATOR] 'Motion Sensor' started
2025-05-31 19:53:54 | INFO     | iot_app.app.core.mqtt_client:publish:85 - [MQTT] Published to 'group42/motion': start
2025-05-31 19:53:55 | INFO     | iot_app.app.ui.emulators_tab:_on_stop_clicked:134 - [EMULATOR] 'Motion Sensor' stopped
2025-05-31 19:53:55 | INFO     | iot_app.app.core.mqtt_client:publish:85 - [MQTT] Published to 'group42/motion': stop
2025-05-31 19:53:55 | SUCCESS  | iot_app.app.core.db_client:test_connection:125 - [DB] Ping successful ✔
2025-05-31 19:53:56 | INFO     | iot_app.app.ui.emulators_tab:_on_button_pressed:141 - [EMULATOR] button pressed
2025-05-31 19:53:56 | INFO     | iot_app.app.core.mqtt_client:publish:85 - [MQTT] Published to 'group42/button': pressed
2025-05-31 19:53:57 | INFO     | iot_app.app.ui.emulators_tab:_on_button_pressed:141 - [EMULATOR] button pressed
2025-05-31 19:53:57 | INFO     | iot_app.app.core.mqtt_client:publish:85 - [MQTT] Published to 'group42/button': pressed
2025-05-31 19:53:57 | INFO     | iot_app.app.ui.emulators_tab:_on_button_pressed:141 - [EMULATOR] button pressed
2025-05-31 19:53:57 | INFO     | iot_app.app.core.mqtt_client:publish:85 - [MQTT] Published to 'group42/button': pressed
2025-05-31 19:53:58 | INFO     | iot_app.app.ui.emulators_tab:_on_start_clicked:128 - [EMULATOR] 'Relay' started
2025-05-31 19:53:58 | INFO     | iot_app.app.core.mqtt_client:publish:85 - [MQTT] Published to 'group42/relay': start
2025-05-31 19:53:59 | INFO     | iot_app.app.ui.emulators_tab:_on_stop_clicked:134 - [EMULATOR] 'Relay' stopped
2025-05-31 19:53:59 | INFO     | iot_app.app.core.mqtt_client:publish:85 - [MQTT] Published to 'group42/relay': stop
2025-05-31 19:54:09 | INFO     | iot_app.app.ui.emulators_tab:_on_start_clicked:128 - [EMULATOR] 'DHT Sensor' started
2025-05-31 19:54:09 | INFO     | iot_app.app.core.mqtt_client:publish:85 - [MQTT] Published to 'group42/dht': start
2025-05-31 19:54:15 | INFO     | iot_app.app.ui.emulators_tab:_on_stop_clicked:134 - [EMULATOR] 'DHT Sensor' stopped
2025-05-31 19:54:15 | INFO     | iot_app.app.core.mqtt_client:publish:85 - [MQTT] Published to 'group42/dht': stop
2025-05-31 19:54:25 | SUCCESS  | iot_app.app.core.db_client:test_connection:125 - [DB] Ping successful ✔
2025-05-31 19:58:10 | INFO     | iot_app.app.core.db_client:connect:34 - [DB] Connecting to MySQL at localhost:3307...
2025-05-31 19:58:10 | SUCCESS  | iot_app.app.core.db_client:connect:44 - [DB] Connected to MySQL database ✔
2025-05-31 19:58:10 | INFO     | iot_app.app.core.mqtt_client:start:56 - [MQTT] Attempting to connect to localhost:1883...
2025-05-31 19:58:10 | SUCCESS  | iot_app.app.core.mqtt_client:_on_connect:36 - [MQTT] Connected to broker at localhost:1883
2025-05-31 19:58:10 | INFO     | iot_app.app.core.mqtt_client:_on_connect:39 - [MQTT] Subscribed to topic: group42/#
2025-05-31 19:58:11 | SUCCESS  | iot_app.app.core.db_client:test_connection:125 - [DB] Ping successful ✔
2025-05-31 19:58:11 | INFO     | __main__:_finalize_tabs:124 - 🚀 System initialized and GUI loaded.
2025-05-31 19:58:13 | SUCCESS  | iot_app.app.core.db_client:test_connection:125 - [DB] Ping successful ✔
2025-05-31 19:58:58 | INFO     | iot_app.app.core.db_client:connect:34 - [DB] Connecting to MySQL at localhost:3307...
2025-05-31 19:58:58 | SUCCESS  | iot_app.app.core.db_client:connect:44 - [DB] Connected to MySQL database ✔
2025-05-31 19:58:58 | INFO     | iot_app.app.core.mqtt_client:start:56 - [MQTT] Attempting to connect to localhost:1883...
2025-05-31 19:58:58 | SUCCESS  | iot_app.app.core.mqtt_client:_on_connect:36 - [MQTT] Connected to broker at localhost:1883
2025-05-31 19:58:58 | INFO     | iot_app.app.core.mqtt_client:_on_connect:39 - [MQTT] Subscribed to topic: group42/#
2025-05-31 19:58:59 | SUCCESS  | iot_app.app.core.db_client:test_connection:125 - [DB] Ping successful ✔
2025-05-31 19:58:59 | INFO     | __main__:_finalize_tabs:124 - 🚀 System initialized and GUI loaded.
2025-05-31 19:59:29 | SUCCESS  | iot_app.app.core.db_client:test_connection:125 - [DB] Ping successful ✔
2025-05-31 19:59:59 | SUCCESS  | iot_app.app.core.db_client:test_connection:125 - [DB] Ping successful ✔
2025-05-31 20:00:29 | SUCCESS  | iot_app.app.core.db_client:test_connection:125 - [DB] Ping successful ✔
2025-05-31 20:00:59 | SUCCESS  | iot_app.app.core.db_client:test_connection:125 - [DB] Ping successful ✔
2025-05-31 20:02:21 | INFO     | iot_app.app.core.db_client:connect:34 - [DB] Connecting to MySQL at localhost:3307...
2025-05-31 20:02:21 | SUCCESS  | iot_app.app.core.db_client:connect:44 - [DB] Connected to MySQL database ✔
2025-05-31 20:02:21 | INFO     | iot_app.app.core.mqtt_client:start:56 - [MQTT] Attempting to connect to localhost:1883...
2025-05-31 20:02:21 | SUCCESS  | iot_app.app.core.mqtt_client:_on_connect:36 - [MQTT] Connected to broker at localhost:1883
2025-05-31 20:02:21 | INFO     | iot_app.app.core.mqtt_client:_on_connect:39 - [MQTT] Subscribed to topic: group42/#
2025-05-31 20:02:23 | SUCCESS  | iot_app.app.core.db_client:test_connection:125 - [DB] Ping successful ✔
2025-05-31 20:02:23 | SUCCESS  | iot_app.app.core.db_client:test_connection:125 - [DB] Ping successful ✔
2025-05-31 20:02:23 | INFO     | __main__:_finalize_tabs:128 - 🚀 System initialized and GUI loaded.
2025-05-31 20:04:07 | INFO     | iot_app.app.core.db_client:connect:34 - [DB] Connecting to MySQL at localhost:3307...
2025-05-31 20:04:07 | SUCCESS  | iot_app.app.core.db_client:connect:44 - [DB] Connected to MySQL database ✔
2025-05-31 20:04:07 | INFO     | iot_app.app.core.mqtt_client:start:56 - [MQTT] Attempting to connect to localhost:1883...
2025-05-31 20:04:07 | SUCCESS  | iot_app.app.core.mqtt_client:_on_connect:36 - [MQTT] Connected to broker at localhost:1883
2025-05-31 20:04:07 | INFO     | iot_app.app.core.mqtt_client:_on_connect:39 - [MQTT] Subscribed to topic: group42/#
2025-05-31 20:04:08 | SUCCESS  | iot_app.app.core.db_client:test_connection:125 - [DB] Ping successful ✔
2025-05-31 20:04:08 | SUCCESS  | iot_app.app.core.db_client:test_connection:125 - [DB] Ping successful ✔
2025-05-31 20:04:08 | INFO     | __main__:_finalize_tabs:128 - 🚀 System initialized and GUI loaded.
2025-05-31 20:04:19 | INFO     | iot_app.app.core.db_client:connect:34 - [DB] Connecting to MySQL at localhost:3307...
2025-05-31 20:04:19 | SUCCESS  | iot_app.app.core.db_client:connect:44 - [DB] Connected to MySQL database ✔
2025-05-31 20:04:19 | INFO     | iot_app.app.core.mqtt_client:start:56 - [MQTT] Attempting to connect to localhost:1883...
2025-05-31 20:04:19 | SUCCESS  | iot_app.app.core.mqtt_client:_on_connect:36 - [MQTT] Connected to broker at localhost:1883
2025-05-31 20:04:19 | INFO     | iot_app.app.core.mqtt_client:_on_connect:39 - [MQTT] Subscribed to topic: group42/#
2025-05-31 20:04:20 | SUCCESS  | iot_app.app.core.db_client:test_connection:125 - [DB] Ping successful ✔
2025-05-31 20:04:20 | SUCCESS  | iot_app.app.core.db_client:test_connection:125 - [DB] Ping successful ✔
2025-05-31 20:04:20 | INFO     | __main__:_finalize_tabs:128 - 🚀 System initialized and GUI loaded.
2025-05-31 20:04:28 | INFO     | iot_app.app.core.db_client:connect:34 - [DB] Connecting to MySQL at localhost:3307...
2025-05-31 20:04:28 | SUCCESS  | iot_app.app.core.db_client:connect:44 - [DB] Connected to MySQL database ✔
2025-05-31 20:04:28 | INFO     | iot_app.app.core.mqtt_client:start:56 - [MQTT] Attempting to connect to localhost:1883...
2025-05-31 20:04:28 | SUCCESS  | iot_app.app.core.mqtt_client:_on_connect:36 - [MQTT] Connected to broker at localhost:1883
2025-05-31 20:04:28 | INFO     | iot_app.app.core.mqtt_client:_on_connect:39 - [MQTT] Subscribed to topic: group42/#
2025-05-31 20:04:30 | SUCCESS  | iot_app.app.core.db_client:test_connection:125 - [DB] Ping successful ✔
2025-05-31 20:04:30 | SUCCESS  | iot_app.app.core.db_client:test_connection:125 - [DB] Ping successful ✔
2025-05-31 20:04:30 | INFO     | __main__:_finalize_tabs:128 - 🚀 System initialized and GUI loaded.
2025-05-31 20:04:38 | INFO     | iot_app.app.ui.settings_tab:_handle_reconnect:94 - [SETTINGS] Reconnecting to MQTT broker...
2025-05-31 20:04:38 | INFO     | iot_app.app.core.mqtt_client:reconnect:70 - [MQTT] Reconnecting to broker...
2025-05-31 20:04:38 | INFO     | iot_app.app.core.mqtt_client:start:56 - [MQTT] Attempting to connect to localhost:1883...
2025-05-31 20:04:38 | SUCCESS  | iot_app.app.core.mqtt_client:_on_connect:36 - [MQTT] Connected to broker at localhost:1883
2025-05-31 20:04:38 | INFO     | iot_app.app.core.mqtt_client:_on_connect:39 - [MQTT] Subscribed to topic: group42/#
2025-05-31 20:04:55 | INFO     | iot_app.app.ui.settings_tab:_handle_test_db:102 - [SETTINGS] Testing connection to database...
2025-05-31 20:04:55 | SUCCESS  | iot_app.app.core.db_client:test_connection:125 - [DB] Ping successful ✔
2025-05-31 20:05:00 | SUCCESS  | iot_app.app.core.db_client:test_connection:125 - [DB] Ping successful ✔
2025-05-31 20:05:30 | SUCCESS  | iot_app.app.core.db_client:test_connection:125 - [DB] Ping successful ✔
2025-05-31 20:06:00 | SUCCESS  | iot_app.app.core.db_client:test_connection:125 - [DB] Ping successful ✔
2025-05-31 20:06:30 | SUCCESS  | iot_app.app.core.db_client:test_connection:125 - [DB] Ping successful ✔
2025-05-31 20:07:00 | SUCCESS  | iot_app.app.core.db_client:test_connection:125 - [DB] Ping successful ✔
2025-05-31 20:07:15 | INFO     | iot_app.app.core.db_client:connect:34 - [DB] Connecting to MySQL at localhost:3307...
2025-05-31 20:07:15 | SUCCESS  | iot_app.app.core.db_client:connect:44 - [DB] Connected to MySQL database ✔
2025-05-31 20:07:15 | INFO     | iot_app.app.core.mqtt_client:start:56 - [MQTT] Attempting to connect to localhost:1883...
2025-05-31 20:07:15 | SUCCESS  | iot_app.app.core.mqtt_client:_on_connect:36 - [MQTT] Connected to broker at localhost:1883
2025-05-31 20:07:15 | INFO     | iot_app.app.core.mqtt_client:_on_connect:39 - [MQTT] Subscribed to topic: group42/#
2025-05-31 20:07:17 | SUCCESS  | iot_app.app.core.db_client:test_connection:125 - [DB] Ping successful ✔
2025-05-31 20:07:17 | SUCCESS  | iot_app.app.core.db_client:test_connection:125 - [DB] Ping successful ✔
2025-05-31 20:07:17 | INFO     | __main__:_finalize_tabs:128 - 🚀 System initialized and GUI loaded.
2025-05-31 20:07:47 | SUCCESS  | iot_app.app.core.db_client:test_connection:125 - [DB] Ping successful ✔
2025-05-31 20:08:17 | SUCCESS  | iot_app.app.core.db_client:test_connection:125 - [DB] Ping successful ✔
2025-05-31 20:08:47 | SUCCESS  | iot_app.app.core.db_client:test_connection:125 - [DB] Ping successful ✔
2025-05-31 20:09:17 | SUCCESS  | iot_app.app.core.db_client:test_connection:125 - [DB] Ping successful ✔
2025-05-31 20:09:47 | SUCCESS  | iot_app.app.core.db_client:test_connection:125 - [DB] Ping successful ✔
2025-05-31 20:10:17 | SUCCESS  | iot_app.app.core.db_client:test_connection:125 - [DB] Ping successful ✔
2025-05-31 20:10:47 | SUCCESS  | iot_app.app.core.db_client:test_connection:125 - [DB] Ping successful ✔
2025-05-31 20:11:17 | SUCCESS  | iot_app.app.core.db_client:test_connection:125 - [DB] Ping successful ✔
2025-05-31 20:11:51 | INFO     | iot_app.app.core.db_client:connect:34 - [DB] Connecting to MySQL at localhost:3307...
2025-05-31 20:11:51 | SUCCESS  | iot_app.app.core.db_client:connect:44 - [DB] Connected to MySQL database ✔
2025-05-31 20:11:51 | INFO     | iot_app.app.core.mqtt_client:start:56 - [MQTT] Attempting to connect to localhost:1883...
2025-05-31 20:11:51 | SUCCESS  | iot_app.app.core.mqtt_client:_on_connect:36 - [MQTT] Connected to broker at localhost:1883
2025-05-31 20:11:51 | INFO     | iot_app.app.core.mqtt_client:_on_connect:39 - [MQTT] Subscribed to topic: group42/#
2025-05-31 20:11:53 | SUCCESS  | iot_app.app.core.db_client:test_connection:125 - [DB] Ping successful ✔
2025-05-31 20:11:53 | SUCCESS  | iot_app.app.core.mqtt_client:test_connection:106 - [MQTT] Ping successful ✔
2025-05-31 20:11:53 | SUCCESS  | iot_app.app.core.db_client:test_connection:125 - [DB] Ping successful ✔
2025-05-31 20:11:53 | INFO     | __main__:_finalize_tabs:128 - 🚀 System initialized and GUI loaded.
2025-05-31 20:12:23 | SUCCESS  | iot_app.app.core.mqtt_client:test_connection:106 - [MQTT] Ping successful ✔
2025-05-31 20:12:23 | SUCCESS  | iot_app.app.core.db_client:test_connection:125 - [DB] Ping successful ✔
