2025-06-01 01:08:38 | INFO     | iot_app.app.core.mqtt_client:start:79 - [MQTT] Attempting to connect to localhost:1883...
2025-06-01 01:08:39 | INFO     | iot_app.app.core.db_client:connect:47 - [DB] Connecting to MySQL at localhost:3307...
2025-06-01 01:08:42 | ERROR    | iot_app.app.core.mqtt_client:_run_loop:92 - [MQTT] Connection loop failed: [WinError 10061] No connection could be made because the target machine actively refused it
2025-06-01 01:08:43 | ERROR    | iot_app.app.core.db_client:connect:61 - [DB] DatabaseError: 2003 (HY000): Can't connect to MySQL server on 'localhost:3307' (10061)
2025-06-01 01:08:43 | INFO     | __main__:_finalize_tabs:134 - 🚀 System initialized and GUI loaded.
2025-06-01 01:08:43 | ERROR    | __main__:_finalize_tabs:140 - 🛑 Connection failed. Prompting retry...
2025-06-01 01:08:55 | INFO     | iot_app.app.core.mqtt_client:start:79 - [MQTT] Attempting to connect to localhost:1883...
2025-06-01 01:08:57 | INFO     | iot_app.app.core.db_client:connect:47 - [DB] Connecting to MySQL at localhost:3307...
2025-06-01 01:08:57 | SUCCESS  | iot_app.app.core.db_client:connect:57 - [DB] Connected to MySQL database ✔
2025-06-01 01:08:57 | INFO     | __main__:_finalize_tabs:134 - 🚀 System initialized and GUI loaded.
2025-06-01 01:08:57 | ERROR    | __main__:_finalize_tabs:140 - 🛑 Connection failed. Prompting retry...
2025-06-01 01:08:59 | ERROR    | iot_app.app.core.mqtt_client:_run_loop:92 - [MQTT] Connection loop failed: [WinError 10061] No connection could be made because the target machine actively refused it
2025-06-01 01:08:59 | INFO     | iot_app.app.core.mqtt_client:start:79 - [MQTT] Attempting to connect to localhost:1883...
2025-06-01 01:09:01 | INFO     | iot_app.app.core.db_client:connect:47 - [DB] Connecting to MySQL at localhost:3307...
2025-06-01 01:09:01 | SUCCESS  | iot_app.app.core.db_client:connect:57 - [DB] Connected to MySQL database ✔
2025-06-01 01:09:01 | INFO     | __main__:_finalize_tabs:134 - 🚀 System initialized and GUI loaded.
2025-06-01 01:09:01 | ERROR    | __main__:_finalize_tabs:140 - 🛑 Connection failed. Prompting retry...
2025-06-01 01:09:04 | ERROR    | iot_app.app.core.mqtt_client:_run_loop:92 - [MQTT] Connection loop failed: [WinError 10061] No connection could be made because the target machine actively refused it
2025-06-01 01:09:07 | INFO     | iot_app.app.core.mqtt_client:start:79 - [MQTT] Attempting to connect to localhost:1883...
2025-06-01 01:09:08 | INFO     | iot_app.app.core.db_client:connect:47 - [DB] Connecting to MySQL at localhost:3307...
2025-06-01 01:09:08 | SUCCESS  | iot_app.app.core.db_client:connect:57 - [DB] Connected to MySQL database ✔
2025-06-01 01:09:08 | INFO     | __main__:_finalize_tabs:134 - 🚀 System initialized and GUI loaded.
2025-06-01 01:09:08 | ERROR    | __main__:_finalize_tabs:140 - 🛑 Connection failed. Prompting retry...
2025-06-01 01:09:11 | ERROR    | iot_app.app.core.mqtt_client:_run_loop:92 - [MQTT] Connection loop failed: [WinError 10061] No connection could be made because the target machine actively refused it
2025-06-01 01:09:43 | INFO     | iot_app.app.core.mqtt_client:start:79 - [MQTT] Attempting to connect to localhost:1883...
2025-06-01 01:09:44 | INFO     | iot_app.app.core.db_client:connect:47 - [DB] Connecting to MySQL at localhost:3307...
2025-06-01 01:09:44 | SUCCESS  | iot_app.app.core.db_client:connect:57 - [DB] Connected to MySQL database ✔
2025-06-01 01:09:44 | INFO     | __main__:_finalize_tabs:134 - 🚀 System initialized and GUI loaded.
2025-06-01 01:09:44 | ERROR    | __main__:_finalize_tabs:140 - 🛑 Connection failed. Prompting retry...
2025-06-01 01:09:47 | ERROR    | iot_app.app.core.mqtt_client:_run_loop:92 - [MQTT] Connection loop failed: [WinError 10061] No connection could be made because the target machine actively refused it
2025-06-01 01:10:01 | INFO     | iot_app.app.core.mqtt_client:start:79 - [MQTT] Attempting to connect to localhost:1883...
2025-06-01 01:10:03 | INFO     | iot_app.app.core.db_client:connect:47 - [DB] Connecting to MySQL at localhost:3307...
2025-06-01 01:10:03 | SUCCESS  | iot_app.app.core.db_client:connect:57 - [DB] Connected to MySQL database ✔
2025-06-01 01:10:03 | INFO     | __main__:_finalize_tabs:134 - 🚀 System initialized and GUI loaded.
2025-06-01 01:10:03 | ERROR    | __main__:_finalize_tabs:140 - 🛑 Connection failed. Prompting retry...
2025-06-01 01:10:04 | INFO     | iot_app.app.core.mqtt_client:start:79 - [MQTT] Attempting to connect to localhost:1883...
2025-06-01 01:10:05 | ERROR    | iot_app.app.core.mqtt_client:_run_loop:92 - [MQTT] Connection loop failed: [WinError 10061] No connection could be made because the target machine actively refused it
