2025-06-01 01:16:25 | INFO     | iot_app.app.core.mqtt_client:start:79 - [MQTT] Attempting to connect to localhost:1883...
2025-06-01 01:16:25 | SUCCESS  | iot_app.app.core.mqtt_client:_on_connect:49 - [MQTT] Connected to broker at localhost:1883
2025-06-01 01:16:25 | INFO     | iot_app.app.core.mqtt_client:_on_connect:52 - [MQTT] Subscribed to topic: Home/#
2025-06-01 01:16:26 | INFO     | iot_app.app.core.db_client:connect:47 - [DB] Connecting to MySQL at localhost:3307...
2025-06-01 01:16:26 | SUCCESS  | iot_app.app.core.db_client:connect:57 - [DB] Connected to MySQL database ✔
2025-06-01 01:16:26 | INFO     | __main__:_finalize_tabs:134 - 🚀 System initialized and GUI loaded.
2025-06-01 01:16:26 | SUCCESS  | iot_app.app.core.mqtt_client:test_connection:143 - [MQTT] Ping successful ✔
2025-06-01 01:16:26 | SUCCESS  | iot_app.app.core.db_client:test_connection:147 - [DB] Ping successful ✔
2025-06-01 01:16:32 | INFO     | iot_app.app.ui.emulators_tab:_on_button_pressed:209 - [EMULATOR] button pressed
2025-06-01 01:16:32 | INFO     | iot_app.app.core.mqtt_client:publish:120 - [MQTT] Published to 'Home/button': pressed
2025-06-01 01:16:32 | INFO     | iot_app.app.core.db_client:insert_sensor_data:96 - [DB] Inserted: button | pressed | 2025-06-01 01:16:32.098360
2025-06-01 01:16:32 | INFO     | iot_app.app.ui.room_view_tab:update_device_state:236 - [ROOM] doorbell updated → ON, Reading: Pressed (5)
2025-06-01 01:16:37 | INFO     | iot_app.app.core.mqtt_client:publish:120 - [MQTT] Published to 'Home/button': idle
2025-06-01 01:16:37 | INFO     | iot_app.app.ui.room_view_tab:update_device_state:236 - [ROOM] doorbell updated → OFF, Reading: Pressed (5)
2025-06-01 01:16:44 | INFO     | iot_app.app.ui.emulators_tab:_on_button_pressed:209 - [EMULATOR] button pressed
2025-06-01 01:16:44 | INFO     | iot_app.app.core.mqtt_client:publish:120 - [MQTT] Published to 'Home/button': pressed
2025-06-01 01:16:44 | INFO     | iot_app.app.core.db_client:insert_sensor_data:96 - [DB] Inserted: button | pressed | 2025-06-01 01:16:44.610224
2025-06-01 01:16:44 | INFO     | iot_app.app.ui.room_view_tab:update_device_state:236 - [ROOM] doorbell updated → ON, Reading: Pressed (5)
2025-06-01 01:16:46 | INFO     | iot_app.app.ui.emulators_tab:_on_button_pressed:209 - [EMULATOR] button pressed
2025-06-01 01:16:46 | INFO     | iot_app.app.core.mqtt_client:publish:120 - [MQTT] Published to 'Home/button': pressed
2025-06-01 01:16:46 | INFO     | iot_app.app.core.db_client:insert_sensor_data:96 - [DB] Inserted: button | pressed | 2025-06-01 01:16:46.147005
2025-06-01 01:16:47 | INFO     | iot_app.app.ui.emulators_tab:_on_button_pressed:209 - [EMULATOR] button pressed
2025-06-01 01:16:47 | INFO     | iot_app.app.core.mqtt_client:publish:120 - [MQTT] Published to 'Home/button': pressed
2025-06-01 01:16:47 | INFO     | iot_app.app.core.db_client:insert_sensor_data:96 - [DB] Inserted: button | pressed | 2025-06-01 01:16:47.144116
2025-06-01 01:16:48 | INFO     | iot_app.app.ui.emulators_tab:_on_button_pressed:209 - [EMULATOR] button pressed
2025-06-01 01:16:48 | INFO     | iot_app.app.core.mqtt_client:publish:120 - [MQTT] Published to 'Home/button': pressed
2025-06-01 01:16:48 | INFO     | iot_app.app.core.db_client:insert_sensor_data:96 - [DB] Inserted: button | pressed | 2025-06-01 01:16:48.013747
2025-06-01 01:16:50 | INFO     | iot_app.app.ui.emulators_tab:_on_button_pressed:209 - [EMULATOR] button pressed
2025-06-01 01:16:50 | INFO     | iot_app.app.core.mqtt_client:publish:120 - [MQTT] Published to 'Home/button': pressed
2025-06-01 01:16:50 | INFO     | iot_app.app.core.db_client:insert_sensor_data:96 - [DB] Inserted: button | pressed | 2025-06-01 01:16:50.685157
2025-06-01 01:16:55 | INFO     | iot_app.app.core.mqtt_client:publish:120 - [MQTT] Published to 'Home/button': idle
2025-06-01 01:16:55 | INFO     | iot_app.app.ui.room_view_tab:update_device_state:236 - [ROOM] doorbell updated → OFF, Reading: Pressed (5)
2025-06-01 01:17:04 | INFO     | iot_app.app.ui.emulators_tab:_on_button_pressed:209 - [EMULATOR] button pressed
2025-06-01 01:17:04 | INFO     | iot_app.app.core.mqtt_client:publish:120 - [MQTT] Published to 'Home/button': pressed
2025-06-01 01:17:04 | INFO     | iot_app.app.core.db_client:insert_sensor_data:96 - [DB] Inserted: button | pressed | 2025-06-01 01:17:04.079673
2025-06-01 01:17:04 | INFO     | iot_app.app.ui.room_view_tab:update_device_state:236 - [ROOM] doorbell updated → ON, Reading: Pressed (5)
2025-06-01 01:17:09 | INFO     | iot_app.app.core.mqtt_client:publish:120 - [MQTT] Published to 'Home/button': idle
2025-06-01 01:17:09 | INFO     | iot_app.app.ui.room_view_tab:update_device_state:236 - [ROOM] doorbell updated → OFF, Reading: Pressed (5)
2025-06-01 01:17:26 | SUCCESS  | iot_app.app.core.db_client:test_connection:147 - [DB] Ping successful ✔
2025-06-01 01:17:26 | SUCCESS  | iot_app.app.core.mqtt_client:test_connection:143 - [MQTT] Ping successful ✔
2025-06-01 01:17:26 | SUCCESS  | iot_app.app.core.db_client:test_connection:147 - [DB] Ping successful ✔
2025-06-01 01:17:56 | SUCCESS  | iot_app.app.core.db_client:test_connection:147 - [DB] Ping successful ✔
2025-06-01 01:17:56 | SUCCESS  | iot_app.app.core.mqtt_client:test_connection:143 - [MQTT] Ping successful ✔
2025-06-01 01:17:56 | SUCCESS  | iot_app.app.core.db_client:test_connection:147 - [DB] Ping successful ✔
2025-06-01 01:18:26 | SUCCESS  | iot_app.app.core.db_client:test_connection:147 - [DB] Ping successful ✔
2025-06-01 01:18:26 | SUCCESS  | iot_app.app.core.mqtt_client:test_connection:143 - [MQTT] Ping successful ✔
2025-06-01 01:18:26 | SUCCESS  | iot_app.app.core.db_client:test_connection:147 - [DB] Ping successful ✔
2025-06-01 01:18:56 | SUCCESS  | iot_app.app.core.db_client:test_connection:147 - [DB] Ping successful ✔
2025-06-01 01:18:56 | SUCCESS  | iot_app.app.core.mqtt_client:test_connection:143 - [MQTT] Ping successful ✔
2025-06-01 01:18:56 | SUCCESS  | iot_app.app.core.db_client:test_connection:147 - [DB] Ping successful ✔
